Removed Pin From Net: NetName=3V3 Pin=R3-2
Removed Pin From Net: NetName=CAN_RX Pin=R5-1
Removed Pin From Net: NetName=GND Pin=U5-2
Removed Pin From Net: NetName=3V3 Pin=U5-3
Removed Member From Class: ClassName=Sheet Member=P17
Removed Member From Class: ClassName=Sheet Member=R5
Change Component Footprint: Designator=P12 Old Footprint=Header H 2.54X7 New Footprint=XH2.54-WI-7P
Change Component Comment : Designator=R4 Old Comment=1K New Comment=10K
Change Component Comment : Designator=R1 Old Comment=?k New Comment=Xk
Change Component Designator: OldDesignator=P12 NewDesignator=P11
Change Component Designator: OldDesignator=P13 NewDesignator=P12
Change Component Designator: OldDesignator=P14 NewDesignator=P13
Change Component Designator: OldDesignator=P15 NewDesignator=P14
Change Component Designator: OldDesignator=P16 NewDesignator=P15
Change Component Designator: OldDesignator=P17 NewDesignator=P16
Change Component Designator: OldDesignator=U6 NewDesignator=U5
Added Component: Designator=LED1(LED_5MM)
Added Component: Designator=Q1(SOT23_3)
Added Component: Designator=U6(BEE-FMQ5mm)
Added Pin To Net: NetName=CAN_RX Pin=LED1-2
Added Pin To Net: NetName=+5 Pin=Q1-2
Added Pin To Net: NetName=+5 Pin=R4-2
Added Pin To Net: NetName=GND Pin=U6-2
Added Pin To Net: NetName=BZZ Pin=MCU1-13
Added Pin To Net: NetName=BZZ Pin=R3-2
Added Net: Name=BZZ
Added Pin To Net: NetName=NetLED1_1 Pin=LED1-1
Added Pin To Net: NetName=NetLED1_1 Pin=R4-1
Added Net: Name=NetLED1_1
Added Pin To Net: NetName=NetQ1_1 Pin=Q1-1
Added Pin To Net: NetName=NetQ1_1 Pin=R3-1
Added Net: Name=NetQ1_1
Added Pin To Net: NetName=NetQ1_3 Pin=Q1-3
Added Pin To Net: NetName=NetQ1_3 Pin=U6-1
Added Net: Name=NetQ1_3
Added Member To Class: ClassName=Sheet Member=Component LED1 LED_R/G/B/Y
Added Member To Class: ClassName=Sheet Member=Component Q1 PNP
Added Room: Name=Sheet
