Removed Pin From Net: NetName=GND Pin=C3-1
Removed Pin From Net: NetName=+5 Pin=C3-2
Removed Pin From Net: NetName=GND Pin=C4-1
Removed Pin From Net: NetName=+5 Pin=C4-2
Removed Pin From Net: NetName=3V3-2 Pin=C6-2
Removed Pin From Net: NetName=VCC Pin=R8-1
Removed Pin From Net: NetName=NetC13_1 Pin=R8-2
Removed Pin From Net: NetName=GND Pin=U3-1
Removed Pin From Net: NetName=3V3-2 Pin=U3-2
Removed Pin From Net: NetName=+5 Pin=U3-3
Removed Member From Class: ClassName=Sheet Member=U7
Change Component Designator: OldDesignator=C5 NewDesignator=C3
Change Component Designator: OldDesignator=C6 NewDesignator=C4
Change Component Designator: OldDesignator=C7 NewDesignator=C5
Change Component Designator: OldDesignator=C8 NewDesignator=C6
Change Component Designator: OldDesignator=R9 NewDesignator=R8
Change Component Designator: OldDesignator=U4 NewDesignator=U3
Change Component Designator: OldDesignator=U5 NewDesignator=U4
Change Component Designator: OldDesignator=U6 NewDesignator=U5
Change Component Designator: OldDesignator=U7 NewDesignator=U6
Added Component: Designator=C7(CAP_0603)
Added Component: Designator=C8(CAP_0603)
Added Component: Designator=LED2(LED_5MM)
Added Component: Designator=R9(RESC_0603_2)
Added Pin To Net: NetName=3V3 Pin=C4-2
Added Pin To Net: NetName=GND Pin=C7-1
Added Pin To Net: NetName=+5 Pin=C7-2
Added Pin To Net: NetName=GND Pin=C8-1
Added Pin To Net: NetName=+5 Pin=C8-2
Added Pin To Net: NetName=NetC13_1 Pin=LED2-2
Added Pin To Net: NetName=VCC Pin=R9-1
Change Net Name : Old Net Name=NetC13_1 New Net Name=OUT-
Added Pin To Net: NetName=NetLED2_1 Pin=LED2-1
Added Pin To Net: NetName=NetLED2_1 Pin=R9-2
Added Net: Name=NetLED2_1
Added Member To Class: ClassName=Sheet Member=Component LED2 LED_R/G/B/Y
Added Room: Name=Sheet
