Removed Pin From Net: NetName=VCC_ULN Pin=P16-5
Removed Member From Class: ClassName=Sheet2 Member=P16
Added Component: Designator=P?(XH2.54-WI-5P)
Add component (AddParameter): Name = "LatestRevisionDate"; Value = "17-Jul-2002"; VariantName = "[No Variations]"
Add component (AddParameter): Name = "LatestRevisionNote"; Value = "Re-released for DXP Platform."; VariantName = "[No Variations]"
Add component (AddParameter): Name = "Publisher"; Value = "Altium Limited"; VariantName = "[No Variations]"
Added Pin To Net: NetName=VCC_ULN Pin=P?-5
Added Pin To Net: NetName=NetP?_1 Pin=P?-1
Added Pin To Net: NetName=NetP?_1 Pin=U3-13
Added Net: Name=NetP?_1
Added Pin To Net: NetName=NetP?_2 Pin=P?-2
Added Pin To Net: NetName=NetP?_2 Pin=U3-14
Added Net: Name=NetP?_2
Added Pin To Net: NetName=NetP?_3 Pin=P?-3
Added Pin To Net: NetName=NetP?_3 Pin=U3-15
Added Net: Name=NetP?_3
Added Pin To Net: NetName=NetP?_4 Pin=P?-4
Added Pin To Net: NetName=NetP?_4 Pin=U3-16
Added Net: Name=NetP?_4
Added Member To Class: ClassName=Sheet1 Member=Component C6 100NF
Added Member To Class: ClassName=Sheet1 Member=Component C7 100NF
Added Member To Class: ClassName=Sheet2 Member=Component C11 100NF
Added Member To Class: ClassName=Sheet1 Member=Component LED1 LED_R/G/B/Y
Added Member To Class: ClassName=Sheet1 Member=Component P4 Header 2
Added Member To Class: ClassName=Sheet1 Member=Component P5 Header 6
Added Member To Class: ClassName=Sheet1 Member=Component P7 Header3
Added Member To Class: ClassName=Sheet1 Member=Component P9 Header3
Added Member To Class: ClassName=Sheet1 Member=Component P10 Header 2
Added Member To Class: ClassName=Sheet1 Member=Component P12 Header 2
Added Member To Class: ClassName=Sheet1 Member=Component P13 Header 2
Added Member To Class: ClassName=Sheet2 Member=Component P? Header 5
Added Member To Class: ClassName=Sheet1 Member=Component R2 5.1K
Added Member To Class: ClassName=Sheet1 Member=Component R3 5.1K
Added Member To Class: ClassName=Sheet1 Member=Component R6 10K
Added Member To Class: ClassName=Sheet1 Member=Component R8 10K
Added Member To Class: ClassName=Sheet1 Member=Component R11 10K
Added Member To Class: ClassName=Sheet1 Member=Component U2 JQ8900
Added Member To Class: ClassName=Sheet2 Member=Component U3 ULN2003
Added Room: Name=Sheet1
Added Room: Name=Sheet2
