Change Component Designator: Old Designator=C11 New Designator=C6
Change Component Designator: Old Designator=C12 New Designator=C7
Change Component Designator: Old Designator=C? New Designator=C2
Change Component Designator: Old Designator=C? New Designator=C3
Change Component Designator: Old Designator=C? New Designator=C4
Change Component Designator: Old Designator=C? New Designator=C5
Change Component Designator: Old Designator=D? New Designator=D1
Change Component Designator: Old Designator=K? New Designator=K1
Change Component Designator: Old Designator=K? New Designator=K2
Change Component Designator: Old Designator=K? New Designator=K3
Change Component Designator: Old Designator=LED2 New Designator=LED1
Change Component Designator: Old Designator=P4 New Designator=P5
Change Component Designator: Old Designator=P5 New Designator=P6
Change Component Designator: Old Designator=P6 New Designator=P7
Change Component Designator: Old Designator=P7 New Designator=P8
Change Component Designator: Old Designator=P8 New Designator=P9
Change Component Designator: Old Designator=P12 New Designator=P10
Change Component Designator: Old Designator=P13 New Designator=P14
Change Component Designator: Old Designator=P14 New Designator=P15
Change Component Designator: Old Designator=P? New Designator=P3
Change Component Designator: Old Designator=P? New Designator=P4
Change Component Designator: Old Designator=P? New Designator=P11
Change Component Designator: Old Designator=P? New Designator=P12
Change Component Designator: Old Designator=P? New Designator=P13
Change Component Designator: Old Designator=R3 New Designator=R2
Change Component Designator: Old Designator=R4 New Designator=R3
Change Component Designator: Old Designator=R5 New Designator=R4
Change Component Designator: Old Designator=R7 New Designator=R5
Change Component Designator: Old Designator=R8 New Designator=R6
Change Component Designator: Old Designator=R11 New Designator=R7
Change Component Designator: Old Designator=R12 New Designator=R8
Change Component Designator: Old Designator=R? New Designator=R9
Change Component Designator: Old Designator=R? New Designator=R10
Change Component Designator: Old Designator=R? New Designator=R11
Change Component Designator: Old Designator=S? New Designator=S1
Change Component Designator: Old Designator=Show? New Designator=Show1
Change Component Designator: Old Designator=U3 New Designator=U2
Change Component Designator: Old Designator=U? New Designator=U1
