Added Component: Designator=C1(CAP_1206)
Added Component: Designator=C2(CAP_0603)
Added Component: Designator=C3(CAP_0603)
Added Component: Designator=C4(CAP_0603)
Added Component: Designator=C5(CAP_0603)
Added Component: Designator=C6(CAP_0603)
Added Component: Designator=C7(CAP_3528_B)
Added Component: Designator=C8(CAP_0603)
Added Component: Designator=C9(CAP_0603)
Added Component: Designator=C10(CAP_0603)
Added Component: Designator=C11(CAPE_E)
Added Component: Designator=C12(CAPE_E)
Added Component: Designator=J1(XH2.54-WI-8P)
Added Component: Designator=J2(Header 2.54X4)
Added Component: Designator=J3(IIC-XH2.54-4PIN)
Added Component: Designator=J4(Header 2.54X6)
Added Component: Designator=MCU1(Caven_3.14)
Added Component: Designator=P1(Header 2.54X3)
Add component (AddParameter): Name = "LatestRevisionDate"; Value = "17-Jul-2002"; VariantName = "[No Variations]"
Add component (AddParameter): Name = "LatestRevisionNote"; Value = "Re-released for DXP Platform."; VariantName = "[No Variations]"
Add component (AddParameter): Name = "Publisher"; Value = "Altium Limited"; VariantName = "[No Variations]"
Added Component: Designator=P2(Header 2.54X3)
Add component (AddParameter): Name = "LatestRevisionDate"; Value = "17-Jul-2002"; VariantName = "[No Variations]"
Add component (AddParameter): Name = "LatestRevisionNote"; Value = "Re-released for DXP Platform."; VariantName = "[No Variations]"
Add component (AddParameter): Name = "Publisher"; Value = "Altium Limited"; VariantName = "[No Variations]"
Added Component: Designator=P3(M3x6_L-Type)
Added Component: Designator=P4(M3x6_L-Type)
Added Component: Designator=P5(M3x6_L-Type)
Added Component: Designator=P6(M3x6_L-Type)
Added Component: Designator=P7(PWM_Steer-F)
Added Component: Designator=P8(PWM_Steer-B)
Added Component: Designator=P9(PWM_Steer-F)
Added Component: Designator=P10(PWM_Steer-B)
Added Component: Designator=P11(PIN-2_5.08)
Added Component: Designator=P12(Header H 2.54X7)
Add component (AddParameter): Name = "LatestRevisionDate"; Value = "17-Jul-2002"; VariantName = "[No Variations]"
Add component (AddParameter): Name = "LatestRevisionNote"; Value = "Re-released for DXP Platform."; VariantName = "[No Variations]"
Add component (AddParameter): Name = "Publisher"; Value = "Altium Limited"; VariantName = "[No Variations]"
Added Component: Designator=P13(XH2.54-WI-6P)
Add component (AddParameter): Name = "LatestRevisionDate"; Value = "17-Jul-2002"; VariantName = "[No Variations]"
Add component (AddParameter): Name = "LatestRevisionNote"; Value = "Re-released for DXP Platform."; VariantName = "[No Variations]"
Add component (AddParameter): Name = "Publisher"; Value = "Altium Limited"; VariantName = "[No Variations]"
Added Component: Designator=P14(UART)
Added Component: Designator=P15(XH2.54-WI-6P)
Add component (AddParameter): Name = "LatestRevisionDate"; Value = "17-Jul-2002"; VariantName = "[No Variations]"
Add component (AddParameter): Name = "LatestRevisionNote"; Value = "Re-released for DXP Platform."; VariantName = "[No Variations]"
Add component (AddParameter): Name = "Publisher"; Value = "Altium Limited"; VariantName = "[No Variations]"
Added Component: Designator=P16(XH2.54-WI-6P)
Add component (AddParameter): Name = "LatestRevisionDate"; Value = "17-Jul-2002"; VariantName = "[No Variations]"
Add component (AddParameter): Name = "LatestRevisionNote"; Value = "Re-released for DXP Platform."; VariantName = "[No Variations]"
Add component (AddParameter): Name = "Publisher"; Value = "Altium Limited"; VariantName = "[No Variations]"
Added Component: Designator=P17(XH2.54-WI-6P)
Add component (AddParameter): Name = "LatestRevisionDate"; Value = "17-Jul-2002"; VariantName = "[No Variations]"
Add component (AddParameter): Name = "LatestRevisionNote"; Value = "Re-released for DXP Platform."; VariantName = "[No Variations]"
Add component (AddParameter): Name = "Publisher"; Value = "Altium Limited"; VariantName = "[No Variations]"
Added Component: Designator=R1(RESC_0603_2)
Added Component: Designator=R2(RESC_0603_2)
Added Component: Designator=R3(RESC_0603_2)
Added Component: Designator=R4(RESC_0603_2)
Added Component: Designator=R5(RESC_0603_2)
Added Component: Designator=U1(SOIC_16)
Added Component: Designator=U2(SOT23_3)
Added Component: Designator=U3(SOT23_3)
Added Component: Designator=U4(Ultrasonic)
Added Component: Designator=U5(SOIC_8)
Added Component: Designator=U6(MPU-G521)
Added Component: Designator=U7(TB6612FNG)
Added Component: Designator=U8(Header F 2.54X4)
Added Component: Designator=U9(TB6612FNG)
Added Pin To Net: NetName=+5 Pin=C1-1
Added Pin To Net: NetName=+5 Pin=C7-1
Added Pin To Net: NetName=+5 Pin=C8-2
Added Pin To Net: NetName=+5 Pin=C9-2
Added Pin To Net: NetName=+5 Pin=C10-2
Added Pin To Net: NetName=+5 Pin=J1-3
Added Pin To Net: NetName=+5 Pin=J1-4
Added Pin To Net: NetName=+5 Pin=J2-4
Added Pin To Net: NetName=+5 Pin=J3-4
Added Pin To Net: NetName=+5 Pin=J4-1
Added Pin To Net: NetName=+5 Pin=MCU1-1
Added Pin To Net: NetName=+5 Pin=MCU1-31
Added Pin To Net: NetName=+5 Pin=P7-2
Added Pin To Net: NetName=+5 Pin=P8-2
Added Pin To Net: NetName=+5 Pin=P9-2
Added Pin To Net: NetName=+5 Pin=P10-2
Added Pin To Net: NetName=+5 Pin=P12-6
Added Pin To Net: NetName=+5 Pin=P14-1
Added Pin To Net: NetName=+5 Pin=U2-3
Added Pin To Net: NetName=+5 Pin=U3-3
Added Pin To Net: NetName=+5 Pin=U4-1
Added Pin To Net: NetName=+5 Pin=U6-1
Added Pin To Net: NetName=+5 Pin=U8-1
Added Net: Name=+5
Added Pin To Net: NetName=3V3-1 Pin=C3-2
Added Pin To Net: NetName=3V3-1 Pin=P13-5
Added Pin To Net: NetName=3V3-1 Pin=P15-5
Added Pin To Net: NetName=3V3-1 Pin=U2-2
Added Pin To Net: NetName=3V3-1 Pin=U7-2
Added Pin To Net: NetName=3V3-1 Pin=U7-13
Added Net: Name=3V3-1
Added Pin To Net: NetName=3V3-2 Pin=C4-2
Added Pin To Net: NetName=3V3-2 Pin=P16-5
Added Pin To Net: NetName=3V3-2 Pin=P17-5
Added Pin To Net: NetName=3V3-2 Pin=U3-2
Added Pin To Net: NetName=3V3-2 Pin=U9-2
Added Pin To Net: NetName=3V3-2 Pin=U9-13
Added Net: Name=3V3-2
Added Pin To Net: NetName=3V3 Pin=C2-2
Added Pin To Net: NetName=3V3 Pin=R3-2
Added Pin To Net: NetName=3V3 Pin=U1-10
Added Pin To Net: NetName=3V3 Pin=U1-16
Added Pin To Net: NetName=3V3 Pin=U5-3
Added Net: Name=3V3
Added Pin To Net: NetName=AD/DA1 Pin=C5-2
Added Pin To Net: NetName=AD/DA1 Pin=MCU1-33
Added Pin To Net: NetName=AD/DA1 Pin=P1-2
Added Net: Name=AD/DA1
Added Pin To Net: NetName=AD/DA2 Pin=C6-2
Added Pin To Net: NetName=AD/DA2 Pin=MCU1-34
Added Pin To Net: NetName=AD/DA2 Pin=R2-2
Added Net: Name=AD/DA2
Added Pin To Net: NetName=CAN_H Pin=P11-1
Added Pin To Net: NetName=CAN_H Pin=U5-7
Added Net: Name=CAN_H
Added Pin To Net: NetName=CAN_L Pin=P11-2
Added Pin To Net: NetName=CAN_L Pin=U5-6
Added Net: Name=CAN_L
Added Pin To Net: NetName=CAN_RX Pin=MCU1-14
Added Pin To Net: NetName=CAN_RX Pin=R5-1
Added Net: Name=CAN_RX
Added Pin To Net: NetName=CAN_TX Pin=MCU1-13
Added Pin To Net: NetName=CAN_TX Pin=R4-1
Added Net: Name=CAN_TX
Added Pin To Net: NetName=DATA Pin=MCU1-55
Added Pin To Net: NetName=DATA Pin=U1-14
Added Net: Name=DATA
Added Pin To Net: NetName=DIR Pin=MCU1-37
Added Net: Name=DIR
Added Pin To Net: NetName=Echo Pin=MCU1-24
Added Pin To Net: NetName=Echo Pin=U4-3
Added Net: Name=Echo
Added Pin To Net: NetName=Find_1 Pin=MCU1-39
Added Pin To Net: NetName=Find_1 Pin=P12-1
Added Net: Name=Find_1
Added Pin To Net: NetName=Find_2 Pin=MCU1-40
Added Pin To Net: NetName=Find_2 Pin=P12-2
Added Net: Name=Find_2
Added Pin To Net: NetName=Find_3 Pin=MCU1-22
Added Pin To Net: NetName=Find_3 Pin=P12-3
Added Net: Name=Find_3
Added Pin To Net: NetName=Find_4 Pin=MCU1-21
Added Pin To Net: NetName=Find_4 Pin=P12-4
Added Net: Name=Find_4
Added Pin To Net: NetName=Find_5 Pin=MCU1-52
Added Pin To Net: NetName=Find_5 Pin=P12-5
Added Net: Name=Find_5
Added Pin To Net: NetName=GND Pin=C1-2
Added Pin To Net: NetName=GND Pin=C2-1
Added Pin To Net: NetName=GND Pin=C3-1
Added Pin To Net: NetName=GND Pin=C4-1
Added Pin To Net: NetName=GND Pin=C5-1
Added Pin To Net: NetName=GND Pin=C6-1
Added Pin To Net: NetName=GND Pin=C7-2
Added Pin To Net: NetName=GND Pin=C8-1
Added Pin To Net: NetName=GND Pin=C9-1
Added Pin To Net: NetName=GND Pin=C10-1
Added Pin To Net: NetName=GND Pin=C11-2
Added Pin To Net: NetName=GND Pin=C12-2
Added Pin To Net: NetName=GND Pin=J1-5
Added Pin To Net: NetName=GND Pin=J1-6
Added Pin To Net: NetName=GND Pin=J2-3
Added Pin To Net: NetName=GND Pin=J3-3
Added Pin To Net: NetName=GND Pin=J4-2
Added Pin To Net: NetName=GND Pin=MCU1-0
Added Pin To Net: NetName=GND Pin=MCU1-0
Added Pin To Net: NetName=GND Pin=MCU1-0
Added Pin To Net: NetName=GND Pin=MCU1-0
Added Pin To Net: NetName=GND Pin=MCU1-0
Added Pin To Net: NetName=GND Pin=MCU1-17
Added Pin To Net: NetName=GND Pin=MCU1-49
Added Pin To Net: NetName=GND Pin=P1-3
Added Pin To Net: NetName=GND Pin=P2-3
Added Pin To Net: NetName=GND Pin=P3-1
Added Pin To Net: NetName=GND Pin=P4-1
Added Pin To Net: NetName=GND Pin=P5-1
Added Pin To Net: NetName=GND Pin=P7-3
Added Pin To Net: NetName=GND Pin=P8-3
Added Pin To Net: NetName=GND Pin=P9-3
Added Pin To Net: NetName=GND Pin=P10-3
Added Pin To Net: NetName=GND Pin=P12-7
Added Pin To Net: NetName=GND Pin=P13-2
Added Pin To Net: NetName=GND Pin=P14-2
Added Pin To Net: NetName=GND Pin=P15-2
Added Pin To Net: NetName=GND Pin=P16-2
Added Pin To Net: NetName=GND Pin=P17-2
Added Pin To Net: NetName=GND Pin=U1-8
Added Pin To Net: NetName=GND Pin=U1-13
Added Pin To Net: NetName=GND Pin=U2-1
Added Pin To Net: NetName=GND Pin=U3-1
Added Pin To Net: NetName=GND Pin=U4-4
Added Pin To Net: NetName=GND Pin=U5-2
Added Pin To Net: NetName=GND Pin=U6-2
Added Pin To Net: NetName=GND Pin=U6-7
Added Pin To Net: NetName=GND Pin=U6-8
Added Pin To Net: NetName=GND Pin=U7-3
Added Pin To Net: NetName=GND Pin=U7-8
Added Pin To Net: NetName=GND Pin=U7-9
Added Pin To Net: NetName=GND Pin=U8-2
Added Pin To Net: NetName=GND Pin=U9-3
Added Pin To Net: NetName=GND Pin=U9-8
Added Pin To Net: NetName=GND Pin=U9-9
Added Net: Name=GND
Added Pin To Net: NetName=M1_D1 Pin=P13-1
Added Pin To Net: NetName=M1_D1 Pin=U7-6
Added Net: Name=M1_D1
Added Pin To Net: NetName=M1_D2 Pin=P13-6
Added Pin To Net: NetName=M1_D2 Pin=U7-7
Added Net: Name=M1_D2
Added Pin To Net: NetName=M1_EA Pin=MCU1-23
Added Pin To Net: NetName=M1_EA Pin=P13-3
Added Net: Name=M1_EA
Added Pin To Net: NetName=M1_EB Pin=MCU1-18
Added Pin To Net: NetName=M1_EB Pin=P13-4
Added Net: Name=M1_EB
Added Pin To Net: NetName=M1_N1 Pin=U1-15
Added Pin To Net: NetName=M1_N1 Pin=U7-12
Added Net: Name=M1_N1
Added Pin To Net: NetName=M1_N2 Pin=U1-1
Added Pin To Net: NetName=M1_N2 Pin=U7-11
Added Net: Name=M1_N2
Added Pin To Net: NetName=M2_D1 Pin=P15-1
Added Pin To Net: NetName=M2_D1 Pin=U7-4
Added Net: Name=M2_D1
Added Pin To Net: NetName=M2_D2 Pin=P15-6
Added Pin To Net: NetName=M2_D2 Pin=U7-5
Added Net: Name=M2_D2
Added Pin To Net: NetName=M2_EA Pin=MCU1-11
Added Pin To Net: NetName=M2_EA Pin=P15-3
Added Net: Name=M2_EA
Added Pin To Net: NetName=M2_EB Pin=MCU1-12
Added Pin To Net: NetName=M2_EB Pin=P15-4
Added Net: Name=M2_EB
Added Pin To Net: NetName=M2_N1 Pin=U1-2
Added Pin To Net: NetName=M2_N1 Pin=U7-15
Added Net: Name=M2_N1
Added Pin To Net: NetName=M2_N2 Pin=U1-3
Added Pin To Net: NetName=M2_N2 Pin=U7-14
Added Net: Name=M2_N2
Added Pin To Net: NetName=M3_D1 Pin=P16-1
Added Pin To Net: NetName=M3_D1 Pin=U9-4
Added Net: Name=M3_D1
Added Pin To Net: NetName=M3_D2 Pin=P16-6
Added Pin To Net: NetName=M3_D2 Pin=U9-5
Added Net: Name=M3_D2
Added Pin To Net: NetName=M3_EA Pin=MCU1-36
Added Pin To Net: NetName=M3_EA Pin=P16-3
Added Net: Name=M3_EA
Added Pin To Net: NetName=M3_EB Pin=MCU1-35
Added Pin To Net: NetName=M3_EB Pin=P16-4
Added Net: Name=M3_EB
Added Pin To Net: NetName=M3_N1 Pin=U1-4
Added Pin To Net: NetName=M3_N1 Pin=U9-15
Added Net: Name=M3_N1
Added Pin To Net: NetName=M3_N2 Pin=U1-5
Added Pin To Net: NetName=M3_N2 Pin=U9-14
Added Net: Name=M3_N2
Added Pin To Net: NetName=M4_D1 Pin=P17-1
Added Pin To Net: NetName=M4_D1 Pin=U9-6
Added Net: Name=M4_D1
Added Pin To Net: NetName=M4_D2 Pin=P17-6
Added Pin To Net: NetName=M4_D2 Pin=U9-7
Added Net: Name=M4_D2
Added Pin To Net: NetName=M4_EA Pin=MCU1-58
Added Pin To Net: NetName=M4_EA Pin=P17-3
Added Net: Name=M4_EA
Added Pin To Net: NetName=M4_EB Pin=MCU1-59
Added Pin To Net: NetName=M4_EB Pin=P17-4
Added Net: Name=M4_EB
Added Pin To Net: NetName=M4_N1 Pin=U1-6
Added Pin To Net: NetName=M4_N1 Pin=U9-12
Added Net: Name=M4_N1
Added Pin To Net: NetName=M4_N2 Pin=U1-7
Added Pin To Net: NetName=M4_N2 Pin=U9-11
Added Net: Name=M4_N2
Added Pin To Net: NetName=MISO Pin=J4-4
Added Pin To Net: NetName=MISO Pin=MCU1-5
Added Net: Name=MISO
Added Pin To Net: NetName=MOSI Pin=J4-3
Added Pin To Net: NetName=MOSI Pin=MCU1-6
Added Net: Name=MOSI
Added Pin To Net: NetName=NetP2_2 Pin=P2-2
Added Pin To Net: NetName=NetP2_2 Pin=R1-1
Added Pin To Net: NetName=NetP2_2 Pin=R2-1
Added Net: Name=NetP2_2
Added Pin To Net: NetName=NetR3_1 Pin=R3-1
Added Pin To Net: NetName=NetR3_1 Pin=U5-8
Added Net: Name=NetR3_1
Added Pin To Net: NetName=NetR4_2 Pin=R4-2
Added Pin To Net: NetName=NetR4_2 Pin=U5-1
Added Net: Name=NetR4_2
Added Pin To Net: NetName=NetR5_2 Pin=R5-2
Added Pin To Net: NetName=NetR5_2 Pin=U5-4
Added Net: Name=NetR5_2
Added Pin To Net: NetName=NSS2_2 Pin=J4-6
Added Pin To Net: NetName=NSS2_2 Pin=MCU1-3
Added Net: Name=NSS2_2
Added Pin To Net: NetName=O/F Pin=MCU1-54
Added Pin To Net: NetName=O/F Pin=U1-12
Added Net: Name=O/F
Added Pin To Net: NetName=SCK Pin=J4-5
Added Pin To Net: NetName=SCK Pin=MCU1-4
Added Net: Name=SCK
Added Pin To Net: NetName=SCL Pin=J1-7
Added Pin To Net: NetName=SCL Pin=J2-2
Added Pin To Net: NetName=SCL Pin=J3-2
Added Pin To Net: NetName=SCL Pin=MCU1-41
Added Pin To Net: NetName=SCL Pin=U6-3
Added Net: Name=SCL
Added Pin To Net: NetName=SDA Pin=J1-8
Added Pin To Net: NetName=SDA Pin=J2-1
Added Pin To Net: NetName=SDA Pin=J3-1
Added Pin To Net: NetName=SDA Pin=MCU1-42
Added Pin To Net: NetName=SDA Pin=U6-4
Added Net: Name=SDA
Added Pin To Net: NetName=SLK Pin=MCU1-53
Added Pin To Net: NetName=SLK Pin=U1-11
Added Net: Name=SLK
Added Pin To Net: NetName=Steer1 Pin=MCU1-26
Added Pin To Net: NetName=Steer1 Pin=P7-1
Added Net: Name=Steer1
Added Pin To Net: NetName=Steer2 Pin=MCU1-27
Added Pin To Net: NetName=Steer2 Pin=P8-1
Added Net: Name=Steer2
Added Pin To Net: NetName=Steer3 Pin=MCU1-28
Added Pin To Net: NetName=Steer3 Pin=P9-1
Added Net: Name=Steer3
Added Pin To Net: NetName=Steer4 Pin=MCU1-29
Added Pin To Net: NetName=Steer4 Pin=P10-1
Added Net: Name=Steer4
Added Pin To Net: NetName=STEP Pin=MCU1-38
Added Net: Name=STEP
Added Pin To Net: NetName=TIM8_CH1 Pin=MCU1-7
Added Pin To Net: NetName=TIM8_CH1 Pin=U7-10
Added Net: Name=TIM8_CH1
Added Pin To Net: NetName=TIM8_CH2 Pin=MCU1-8
Added Pin To Net: NetName=TIM8_CH2 Pin=U7-16
Added Net: Name=TIM8_CH2
Added Pin To Net: NetName=TIM8_CH3 Pin=MCU1-9
Added Pin To Net: NetName=TIM8_CH3 Pin=U9-16
Added Net: Name=TIM8_CH3
Added Pin To Net: NetName=TIM8_CH4 Pin=MCU1-10
Added Pin To Net: NetName=TIM8_CH4 Pin=U9-10
Added Net: Name=TIM8_CH4
Added Pin To Net: NetName=Trig Pin=MCU1-25
Added Pin To Net: NetName=Trig Pin=U4-2
Added Net: Name=Trig
Added Pin To Net: NetName=UART2_RX Pin=MCU1-60
Added Pin To Net: NetName=UART2_RX Pin=P14-3
Added Net: Name=UART2_RX
Added Pin To Net: NetName=UART2_TX Pin=MCU1-61
Added Pin To Net: NetName=UART2_TX Pin=P14-4
Added Net: Name=UART2_TX
Added Pin To Net: NetName=UART3_RX Pin=MCU1-20
Added Pin To Net: NetName=UART3_RX Pin=U8-3
Added Net: Name=UART3_RX
Added Pin To Net: NetName=UART3_TX Pin=MCU1-19
Added Pin To Net: NetName=UART3_TX Pin=U8-4
Added Net: Name=UART3_TX
Added Pin To Net: NetName=VCC Pin=C11-1
Added Pin To Net: NetName=VCC Pin=C12-1
Added Pin To Net: NetName=VCC Pin=J1-1
Added Pin To Net: NetName=VCC Pin=J1-2
Added Pin To Net: NetName=VCC Pin=P6-1
Added Pin To Net: NetName=VCC Pin=U7-1
Added Pin To Net: NetName=VCC Pin=U9-1
Added Net: Name=VCC
Added Pin To Net: NetName=VDD Pin=MCU1-32
Added Pin To Net: NetName=VDD Pin=MCU1-62
Added Pin To Net: NetName=VDD Pin=P1-1
Added Pin To Net: NetName=VDD Pin=P2-1
Added Pin To Net: NetName=VDD Pin=R1-2
Added Net: Name=VDD
Added Class: Name=Sheet
Added Room: Name=Sheet
